2003.05.01 14:12 B D:\Escuela\6 Semestre\Inteligencia Artificial\Damas\CódigoJava\src\Blanco.gif --> ftp.web1000.com / Blanco.gif
2003.05.01 14:12 B D:\Escuela\6 Semestre\Inteligencia Artificial\Damas\CódigoJava\src\Casilla.class --> ftp.web1000.com / Casilla.class
2003.05.01 14:12 B D:\Escuela\6 Semestre\Inteligencia Artificial\Damas\CódigoJava\src\Damas.class --> ftp.web1000.com / Damas.class
2003.05.01 14:12 B D:\Escuela\6 Semestre\Inteligencia Artificial\Damas\CódigoJava\src\Index.htm --> ftp.web1000.com / Index.htm
2003.05.01 14:12 B D:\Escuela\6 Semestre\Inteligencia Artificial\Damas\CódigoJava\src\ReyBlanco.gif --> ftp.web1000.com / ReyBlanco.gif
2003.05.01 14:12 B D:\Escuela\6 Semestre\Inteligencia Artificial\Damas\CódigoJava\src\ReyRojo.gif --> ftp.web1000.com / ReyRojo.gif
2003.05.01 14:12 B D:\Escuela\6 Semestre\Inteligencia Artificial\Damas\CódigoJava\src\Rojo.gif --> ftp.web1000.com / Rojo.gif
2003.05.01 14:12 B D:\Escuela\6 Semestre\Inteligencia Artificial\Damas\CódigoJava\src\tablero.gif --> ftp.web1000.com / tablero.gif
2003.05.01 20:46 B D:\Escuela\6 Semestre\Inteligencia Artificial\Damas\CódigoJava\src\Blanco.gif --> ftp.web1000.com / Blanco.gif
2003.05.01 20:47 B D:\Escuela\6 Semestre\Inteligencia Artificial\Damas\CódigoJava\src\Casilla.class --> ftp.web1000.com / Casilla.class
2003.05.01 20:47 B D:\Escuela\6 Semestre\Inteligencia Artificial\Damas\CódigoJava\src\com.bat --> ftp.web1000.com / com.bat
2003.05.01 20:47 B D:\Escuela\6 Semestre\Inteligencia Artificial\Damas\CódigoJava\src\Damas.class --> ftp.web1000.com / Damas.class
2003.05.01 20:47 B D:\Escuela\6 Semestre\Inteligencia Artificial\Damas\CódigoJava\src\Index.htm --> ftp.web1000.com / Index.htm
2003.05.01 20:47 B D:\Escuela\6 Semestre\Inteligencia Artificial\Damas\CódigoJava\src\ReyBlanco.gif --> ftp.web1000.com / ReyBlanco.gif
2003.05.01 20:47 B D:\Escuela\6 Semestre\Inteligencia Artificial\Damas\CódigoJava\src\ReyRojo.gif --> ftp.web1000.com / ReyRojo.gif
2003.05.01 20:47 B D:\Escuela\6 Semestre\Inteligencia Artificial\Damas\CódigoJava\src\Rojo.gif --> ftp.web1000.com / Rojo.gif
2003.05.01 20:48 B D:\Escuela\6 Semestre\Inteligencia Artificial\Damas\CódigoJava\src\tablero.gif --> ftp.web1000.com / tablero.gif
2003.05.01 21:32 B D:\Escuela\6 Semestre\Inteligencia Artificial\Damas\CódigoJava\src\Blanco.gif --> ftp.web1000.com / Blanco.gif
2003.05.01 21:32 B D:\Escuela\6 Semestre\Inteligencia Artificial\Damas\CódigoJava\src\Casilla.class --> ftp.web1000.com / Casilla.class
2003.05.01 21:32 B D:\Escuela\6 Semestre\Inteligencia Artificial\Damas\CódigoJava\src\Damas.class --> ftp.web1000.com / Damas.class
2003.05.01 21:32 B D:\Escuela\6 Semestre\Inteligencia Artificial\Damas\CódigoJava\src\Index.htm --> ftp.web1000.com / Index.htm
2003.05.01 21:32 B D:\Escuela\6 Semestre\Inteligencia Artificial\Damas\CódigoJava\src\ReyBlanco.gif --> ftp.web1000.com / ReyBlanco.gif
2003.05.01 21:32 B D:\Escuela\6 Semestre\Inteligencia Artificial\Damas\CódigoJava\src\ReyRojo.gif --> ftp.web1000.com / ReyRojo.gif
2003.05.01 21:32 B D:\Escuela\6 Semestre\Inteligencia Artificial\Damas\CódigoJava\src\Rojo.gif --> ftp.web1000.com / Rojo.gif
2003.05.01 21:33 B D:\Escuela\6 Semestre\Inteligencia Artificial\Damas\CódigoJava\src\tablero.gif --> ftp.web1000.com / tablero.gif
2003.05.01 22:09 B D:\Escuela\6 Semestre\Inteligencia Artificial\Damas\CódigoJava\Blanco.gif --> ftp.web1000.com / Blanco.gif
2003.05.01 22:09 B D:\Escuela\6 Semestre\Inteligencia Artificial\Damas\CódigoJava\Casilla.class --> ftp.web1000.com / Casilla.class
2003.05.01 22:10 B D:\Escuela\6 Semestre\Inteligencia Artificial\Damas\CódigoJava\Damas.class --> ftp.web1000.com / Damas.class
2003.05.01 22:10 B D:\Escuela\6 Semestre\Inteligencia Artificial\Damas\CódigoJava\Index.htm --> ftp.web1000.com / Index.htm
2003.05.01 22:10 B D:\Escuela\6 Semestre\Inteligencia Artificial\Damas\CódigoJava\ReyBlanco.gif --> ftp.web1000.com / ReyBlanco.gif
2003.05.01 22:10 B D:\Escuela\6 Semestre\Inteligencia Artificial\Damas\CódigoJava\ReyRojo.gif --> ftp.web1000.com / ReyRojo.gif
2003.05.01 22:10 B D:\Escuela\6 Semestre\Inteligencia Artificial\Damas\CódigoJava\Rojo.gif --> ftp.web1000.com / Rojo.gif
2003.05.01 22:10 B D:\Escuela\6 Semestre\Inteligencia Artificial\Damas\CódigoJava\tablero.gif --> ftp.web1000.com / tablero.gif
